<?xml version="1.0" encoding="UTF-8"?><testsuite errors="0" failures="1" name="Formulario Popup Validation" skipped="0" tests="1" time="21.23" timestamp="2020-05-21T10:48:06.166-05:00[America/Bogota]"><testcase name="Diligenciamiento de formulario block validation,"><failure message="&#10;Expected: a string containing &quot;Popup Validation&quot;&#10;     but: was &quot;Block Validation&quot;" type="java.lang.AssertionError">
Expected: a string containing "Popup Validation"
     but: was "Block Validation"</failure><system-err>
Expected: a string containing "Popup Validation"
     but: was "Block Validation"&#13;
com.choucair.formacion.pageobjects.ColorlibMenuPage.menuFormValidation(ColorlibMenuPage.java:39)&#13;
com.choucair.formacion.steps.PopupValidationSteps.ingresar_form_Validation(PopupValidationSteps.java:32)&#13;
com.choucair.formacion.definition.PopupValidationDefinition.ingreso_a_la_funcionalidad_Forms_Validation(PopupValidationDefinition.java:35)&#13;
✽.And Ingreso a la funcionalidad Forms Validation(src/test/resources/features/Colorlib/Forms/PopupValidation.feature:50)&#13;
</system-err></testcase></testsuite>